<?xml version="1.0" encoding="UTF-8"?>
<testsuite xmlns:xsi="http://www.w3.org/2001/XMLSchema-instance" xsi:noNamespaceSchemaLocation="https://maven.apache.org/surefire/maven-surefire-plugin/xsd/surefire-test-report.xsd" name="TestSuite" time="11.146" tests="4" errors="0" skipped="0" failures="4">
  <properties>
[...]
</properties>
  <testcase name="retrievingAndComparingTheFirstTenMarsPhotos" classname="org.deviget.qa.tests.NasaApiTest" time="5.236">
    <failure message="Unrecognized field &quot;error&quot; (class org.deviget.qa.models.Photos), not marked as ignorable (one known property: &quot;photos&quot;])&#10; at [Source: (String)&quot;{&#10;  &quot;error&quot;: {&#10;    &quot;code&quot;: &quot;OVER_RATE_LIMIT&quot;,&#10;    &quot;message&quot;: &quot;You have exceeded your rate limit. Try again later or contact us at https://api.nasa.gov:443/contact/ for assistance&quot;&#10;  }&#10;}&quot;; line: 2, column: 13] (through reference chain: org.deviget.qa.models.Photos[&quot;error&quot;])" type="com.fasterxml.jackson.databind.exc.UnrecognizedPropertyException">com.fasterxml.jackson.databind.exc.UnrecognizedPropertyException: 
Unrecognized field "error" (class org.deviget.qa.models.Photos), not marked as ignorable (one known property: "photos"])
 at [Source: (String)"{
  "error": {
    "code": "OVER_RATE_LIMIT",
    "message": "You have exceeded your rate limit. Try again later or contact us at https://api.nasa.gov:443/contact/ for assistance"
  }
}"; line: 2, column: 13] (through reference chain: org.deviget.qa.models.Photos["error"])
	at org.deviget.qa.tests.NasaApiTest.retrievingAndComparingTheFirstTenMarsPhotos(NasaApiTest.java:65)
</failure>
    <system-err><![CDATA[SLF4J: Failed to load class "org.slf4j.impl.StaticLoggerBinder".
SLF4J: Defaulting to no-operation (NOP) logger implementation
SLF4J: See http://www.slf4j.org/codes.html#StaticLoggerBinder for further details.
]]></system-err>
  </testcase>
  <testcase name="retrievingFirst10MarsPhotosFrom1000MartianSolCuriosity" classname="org.deviget.qa.tests.NasaApiTest" time="0.752">
    <failure message="Unrecognized field &quot;error&quot; (class org.deviget.qa.models.Photos), not marked as ignorable (one known property: &quot;photos&quot;])&#10; at [Source: (String)&quot;{&#10;  &quot;error&quot;: {&#10;    &quot;code&quot;: &quot;OVER_RATE_LIMIT&quot;,&#10;    &quot;message&quot;: &quot;You have exceeded your rate limit. Try again later or contact us at https://api.nasa.gov:443/contact/ for assistance&quot;&#10;  }&#10;}&quot;; line: 2, column: 13] (through reference chain: org.deviget.qa.models.Photos[&quot;error&quot;])" type="com.fasterxml.jackson.databind.exc.UnrecognizedPropertyException">com.fasterxml.jackson.databind.exc.UnrecognizedPropertyException: 
Unrecognized field "error" (class org.deviget.qa.models.Photos), not marked as ignorable (one known property: "photos"])
 at [Source: (String)"{
  "error": {
    "code": "OVER_RATE_LIMIT",
    "message": "You have exceeded your rate limit. Try again later or contact us at https://api.nasa.gov:443/contact/ for assistance"
  }
}"; line: 2, column: 13] (through reference chain: org.deviget.qa.models.Photos["error"])
	at org.deviget.qa.tests.NasaApiTest.retrievingFirst10MarsPhotosFrom1000MartianSolCuriosity(NasaApiTest.java:31)
</failure>
  </testcase>
  <testcase name="retrievingFirstTenMarsPhotosOnEarthDate" classname="org.deviget.qa.tests.NasaApiTest" time="0.789">
    <failure message="Unrecognized field &quot;error&quot; (class org.deviget.qa.models.Photos), not marked as ignorable (one known property: &quot;photos&quot;])&#10; at [Source: (String)&quot;{&#10;  &quot;error&quot;: {&#10;    &quot;code&quot;: &quot;OVER_RATE_LIMIT&quot;,&#10;    &quot;message&quot;: &quot;You have exceeded your rate limit. Try again later or contact us at https://api.nasa.gov:443/contact/ for assistance&quot;&#10;  }&#10;}&quot;; line: 2, column: 13] (through reference chain: org.deviget.qa.models.Photos[&quot;error&quot;])" type="com.fasterxml.jackson.databind.exc.UnrecognizedPropertyException">com.fasterxml.jackson.databind.exc.UnrecognizedPropertyException: 
Unrecognized field "error" (class org.deviget.qa.models.Photos), not marked as ignorable (one known property: "photos"])
 at [Source: (String)"{
  "error": {
    "code": "OVER_RATE_LIMIT",
    "message": "You have exceeded your rate limit. Try again later or contact us at https://api.nasa.gov:443/contact/ for assistance"
  }
}"; line: 2, column: 13] (through reference chain: org.deviget.qa.models.Photos["error"])
	at org.deviget.qa.tests.NasaApiTest.retrievingFirstTenMarsPhotosOnEarthDate(NasaApiTest.java:45)
</failure>
  </testcase>
  <testcase name="validatingTheAmountOfPicturesByCamera" classname="org.deviget.qa.tests.NasaApiTest" time="0.73">
    <failure message="Unrecognized field &quot;error&quot; (class org.deviget.qa.models.Photos), not marked as ignorable (one known property: &quot;photos&quot;])&#10; at [Source: (String)&quot;{&#10;  &quot;error&quot;: {&#10;    &quot;code&quot;: &quot;OVER_RATE_LIMIT&quot;,&#10;    &quot;message&quot;: &quot;You have exceeded your rate limit. Try again later or contact us at https://api.nasa.gov:443/contact/ for assistance&quot;&#10;  }&#10;}&quot;; line: 2, column: 13] (through reference chain: org.deviget.qa.models.Photos[&quot;error&quot;])" type="com.fasterxml.jackson.databind.exc.UnrecognizedPropertyException">com.fasterxml.jackson.databind.exc.UnrecognizedPropertyException: 
Unrecognized field "error" (class org.deviget.qa.models.Photos), not marked as ignorable (one known property: "photos"])
 at [Source: (String)"{
  "error": {
    "code": "OVER_RATE_LIMIT",
    "message": "You have exceeded your rate limit. Try again later or contact us at https://api.nasa.gov:443/contact/ for assistance"
  }
}"; line: 2, column: 13] (through reference chain: org.deviget.qa.models.Photos["error"])
	at org.deviget.qa.tests.NasaApiTest.validatingTheAmountOfPicturesByCamera(NasaApiTest.java:93)
</failure>
  </testcase>
</testsuite>